<?xml version="1.0" encoding="UTF-8"?>
<testsuite xmlns:xsi="http://www.w3.org/2001/XMLSchema-instance" xsi:noNamespaceSchemaLocation="https://maven.apache.org/surefire/maven-surefire-plugin/xsd/surefire-test-report.xsd" name="UserCreationTest" time="8.609" tests="10" errors="0" skipped="0" failures="0">
  <properties>
    <property name="sun.desktop" value="windows"/>
    <property name="awt.toolkit" value="sun.awt.windows.WToolkit"/>
    <property name="java.specification.version" value="11"/>
    <property name="sun.cpu.isalist" value="amd64"/>
    <property name="sun.jnu.encoding" value="Cp1251"/>
    <property name="java.class.path" value="C:\1\diplom-2-API\target\test-classes;C:\1\diplom-2-API\target\classes;C:\Users\Maksim\.m2\repository\io\qameta\allure\allure-junit4\2.20.0\allure-junit4-2.20.0.jar;C:\Users\Maksim\.m2\repository\io\qameta\allure\allure-java-commons\2.20.0\allure-java-commons-2.20.0.jar;C:\Users\Maksim\.m2\repository\org\slf4j\slf4j-api\1.7.36\slf4j-api-1.7.36.jar;C:\Users\Maksim\.m2\repository\io\qameta\allure\allure-model\2.20.0\allure-model-2.20.0.jar;C:\Users\Maksim\.m2\repository\junit\junit\4.13.2\junit-4.13.2.jar;C:\Users\Maksim\.m2\repository\org\hamcrest\hamcrest-core\1.3\hamcrest-core-1.3.jar;C:\Users\Maksim\.m2\repository\io\qameta\allure\allure-rest-assured\2.20.0\allure-rest-assured-2.20.0.jar;C:\Users\Maksim\.m2\repository\io\qameta\allure\allure-attachments\2.20.0\allure-attachments-2.20.0.jar;C:\Users\Maksim\.m2\repository\org\freemarker\freemarker\2.3.31\freemarker-2.3.31.jar;C:\Users\Maksim\.m2\repository\io\rest-assured\rest-assured\4.4.0\rest-assured-4.4.0.jar;C:\Users\Maksim\.m2\repository\org\codehaus\groovy\groovy\3.0.8\groovy-3.0.8.jar;C:\Users\Maksim\.m2\repository\org\codehaus\groovy\groovy-xml\3.0.8\groovy-xml-3.0.8.jar;C:\Users\Maksim\.m2\repository\org\apache\httpcomponents\httpclient\4.5.13\httpclient-4.5.13.jar;C:\Users\Maksim\.m2\repository\org\apache\httpcomponents\httpcore\4.4.13\httpcore-4.4.13.jar;C:\Users\Maksim\.m2\repository\commons-logging\commons-logging\1.2\commons-logging-1.2.jar;C:\Users\Maksim\.m2\repository\commons-codec\commons-codec\1.11\commons-codec-1.11.jar;C:\Users\Maksim\.m2\repository\org\apache\httpcomponents\httpmime\4.5.13\httpmime-4.5.13.jar;C:\Users\Maksim\.m2\repository\org\hamcrest\hamcrest\2.1\hamcrest-2.1.jar;C:\Users\Maksim\.m2\repository\org\ccil\cowan\tagsoup\tagsoup\1.2.1\tagsoup-1.2.1.jar;C:\Users\Maksim\.m2\repository\io\rest-assured\json-path\4.4.0\json-path-4.4.0.jar;C:\Users\Maksim\.m2\repository\org\codehaus\groovy\groovy-json\3.0.8\groovy-json-3.0.8.jar;C:\Users\Maksim\.m2\repository\io\rest-assured\rest-assured-common\4.4.0\rest-assured-common-4.4.0.jar;C:\Users\Maksim\.m2\repository\io\rest-assured\xml-path\4.4.0\xml-path-4.4.0.jar;C:\Users\Maksim\.m2\repository\org\apache\commons\commons-lang3\3.11\commons-lang3-3.11.jar;C:\Users\Maksim\.m2\repository\jakarta\xml\bind\jakarta.xml.bind-api\2.3.3\jakarta.xml.bind-api-2.3.3.jar;C:\Users\Maksim\.m2\repository\jakarta\activation\jakarta.activation-api\1.2.2\jakarta.activation-api-1.2.2.jar;C:\Users\Maksim\.m2\repository\com\sun\xml\bind\jaxb-impl\2.3.3\jaxb-impl-2.3.3.jar;C:\Users\Maksim\.m2\repository\com\google\code\gson\gson\2.10\gson-2.10.jar;"/>
    <property name="java.vm.vendor" value="Amazon.com Inc."/>
    <property name="sun.arch.data.model" value="64"/>
    <property name="user.variant" value=""/>
    <property name="java.vendor.url" value="https://aws.amazon.com/corretto/"/>
    <property name="user.timezone" value="Asia/Tomsk"/>
    <property name="java.vm.specification.version" value="11"/>
    <property name="os.name" value="Windows 11"/>
    <property name="sun.java.launcher" value="SUN_STANDARD"/>
    <property name="user.country" value="RU"/>
    <property name="sun.boot.library.path" value="C:\Users\Maksim\.jdks\corretto-11.0.17\bin"/>
    <property name="sun.java.command" value="C:\Users\Maksim\AppData\Local\Temp\surefire8008048438270026181\surefirebooter5417030777167631756.jar C:\Users\Maksim\AppData\Local\Temp\surefire8008048438270026181 2022-12-05T12-42-22_819-jvmRun1 surefire16858629019979556148tmp surefire_03905023641720432362tmp"/>
    <property name="jdk.debug" value="release"/>
    <property name="surefire.test.class.path" value="C:\1\diplom-2-API\target\test-classes;C:\1\diplom-2-API\target\classes;C:\Users\Maksim\.m2\repository\io\qameta\allure\allure-junit4\2.20.0\allure-junit4-2.20.0.jar;C:\Users\Maksim\.m2\repository\io\qameta\allure\allure-java-commons\2.20.0\allure-java-commons-2.20.0.jar;C:\Users\Maksim\.m2\repository\org\slf4j\slf4j-api\1.7.36\slf4j-api-1.7.36.jar;C:\Users\Maksim\.m2\repository\io\qameta\allure\allure-model\2.20.0\allure-model-2.20.0.jar;C:\Users\Maksim\.m2\repository\junit\junit\4.13.2\junit-4.13.2.jar;C:\Users\Maksim\.m2\repository\org\hamcrest\hamcrest-core\1.3\hamcrest-core-1.3.jar;C:\Users\Maksim\.m2\repository\io\qameta\allure\allure-rest-assured\2.20.0\allure-rest-assured-2.20.0.jar;C:\Users\Maksim\.m2\repository\io\qameta\allure\allure-attachments\2.20.0\allure-attachments-2.20.0.jar;C:\Users\Maksim\.m2\repository\org\freemarker\freemarker\2.3.31\freemarker-2.3.31.jar;C:\Users\Maksim\.m2\repository\io\rest-assured\rest-assured\4.4.0\rest-assured-4.4.0.jar;C:\Users\Maksim\.m2\repository\org\codehaus\groovy\groovy\3.0.8\groovy-3.0.8.jar;C:\Users\Maksim\.m2\repository\org\codehaus\groovy\groovy-xml\3.0.8\groovy-xml-3.0.8.jar;C:\Users\Maksim\.m2\repository\org\apache\httpcomponents\httpclient\4.5.13\httpclient-4.5.13.jar;C:\Users\Maksim\.m2\repository\org\apache\httpcomponents\httpcore\4.4.13\httpcore-4.4.13.jar;C:\Users\Maksim\.m2\repository\commons-logging\commons-logging\1.2\commons-logging-1.2.jar;C:\Users\Maksim\.m2\repository\commons-codec\commons-codec\1.11\commons-codec-1.11.jar;C:\Users\Maksim\.m2\repository\org\apache\httpcomponents\httpmime\4.5.13\httpmime-4.5.13.jar;C:\Users\Maksim\.m2\repository\org\hamcrest\hamcrest\2.1\hamcrest-2.1.jar;C:\Users\Maksim\.m2\repository\org\ccil\cowan\tagsoup\tagsoup\1.2.1\tagsoup-1.2.1.jar;C:\Users\Maksim\.m2\repository\io\rest-assured\json-path\4.4.0\json-path-4.4.0.jar;C:\Users\Maksim\.m2\repository\org\codehaus\groovy\groovy-json\3.0.8\groovy-json-3.0.8.jar;C:\Users\Maksim\.m2\repository\io\rest-assured\rest-assured-common\4.4.0\rest-assured-common-4.4.0.jar;C:\Users\Maksim\.m2\repository\io\rest-assured\xml-path\4.4.0\xml-path-4.4.0.jar;C:\Users\Maksim\.m2\repository\org\apache\commons\commons-lang3\3.11\commons-lang3-3.11.jar;C:\Users\Maksim\.m2\repository\jakarta\xml\bind\jakarta.xml.bind-api\2.3.3\jakarta.xml.bind-api-2.3.3.jar;C:\Users\Maksim\.m2\repository\jakarta\activation\jakarta.activation-api\1.2.2\jakarta.activation-api-1.2.2.jar;C:\Users\Maksim\.m2\repository\com\sun\xml\bind\jaxb-impl\2.3.3\jaxb-impl-2.3.3.jar;C:\Users\Maksim\.m2\repository\com\google\code\gson\gson\2.10\gson-2.10.jar;"/>
    <property name="sun.cpu.endian" value="little"/>
    <property name="allure.results.directory" value="C:\1\diplom-2-API\target/allure-results"/>
    <property name="user.home" value="C:\Users\Maksim"/>
    <property name="user.language" value="ru"/>
    <property name="java.specification.vendor" value="Oracle Corporation"/>
    <property name="java.version.date" value="2022-10-18"/>
    <property name="java.home" value="C:\Users\Maksim\.jdks\corretto-11.0.17"/>
    <property name="file.separator" value="\"/>
    <property name="basedir" value="C:\1\diplom-2-API"/>
    <property name="java.vm.compressedOopsMode" value="32-bit"/>
    <property name="line.separator" value="&#10;"/>
    <property name="java.specification.name" value="Java Platform API Specification"/>
    <property name="java.vm.specification.vendor" value="Oracle Corporation"/>
    <property name="java.awt.graphicsenv" value="sun.awt.Win32GraphicsEnvironment"/>
    <property name="surefire.real.class.path" value="C:\Users\Maksim\AppData\Local\Temp\surefire8008048438270026181\surefirebooter5417030777167631756.jar"/>
    <property name="user.script" value=""/>
    <property name="sun.management.compiler" value="HotSpot 64-Bit Tiered Compilers"/>
    <property name="java.runtime.version" value="11.0.17+8-LTS"/>
    <property name="user.name" value="Maksim"/>
    <property name="path.separator" value=";"/>
    <property name="os.version" value="10.0"/>
    <property name="java.runtime.name" value="OpenJDK Runtime Environment"/>
    <property name="file.encoding" value="Cp1251"/>
    <property name="java.vm.name" value="OpenJDK 64-Bit Server VM"/>
    <property name="java.vendor.version" value="Corretto-11.0.17.8.1"/>
    <property name="localRepository" value="C:\Users\Maksim\.m2\repository"/>
    <property name="java.vendor.url.bug" value="https://github.com/corretto/corretto-11/issues/"/>
    <property name="java.io.tmpdir" value="C:\Users\Maksim\AppData\Local\Temp\"/>
    <property name="idea.version" value="2022.2.3"/>
    <property name="java.version" value="11.0.17"/>
    <property name="user.dir" value="C:\1\diplom-2-API"/>
    <property name="os.arch" value="amd64"/>
    <property name="java.vm.specification.name" value="Java Virtual Machine Specification"/>
    <property name="java.awt.printerjob" value="sun.awt.windows.WPrinterJob"/>
    <property name="sun.os.patch.level" value=""/>
    <property name="java.library.path" value="C:\Users\Maksim\.jdks\corretto-11.0.17\bin;C:\Windows\Sun\Java\bin;C:\Windows\system32;C:\Windows;C:\Program Files\Amazon Corretto\jdk11.0.16_9\bin;C:\Program Files\Common Files\Oracle\Java\javapath;C:\Program Files\Eclipse Adoptium\jdk-11.0.14.101-hotspot\bin;C:\Windows\system32;C:\Windows;C:\Windows\System32\Wbem;C:\Windows\System32\WindowsPowerShell\v1.0\;C:\Windows\System32\OpenSSH\;C:\Program Files\PowerShell\7\;C:\Program Files (x86)\NVIDIA Corporation\PhysX\Common;C:\Program Files\NVIDIA Corporation\NVIDIA NvDLISR;%MAVEN_HOME%bin;C:\apache-maven-3.8.6\bin;C:\Program Files\dotnet\;C:\WebDriver\bin;C:\Program Files\Git\cmd;C:\Program Files\Git\mingw64\bin;C:\Program Files\Git\usr\bin;C:\allure-2.20.0\bin;;C:\Program Files\Docker\Docker\resources\bin;C:\Program Files\Amazon Corretto\jdk11.0.16_9\bin;C:\Program Files\Common Files\Oracle\Java\javapath;C:\Program Files\Eclipse Adoptium\jdk-11.0.14.101-hotspot\bin;C:\Windows\system32;C:\Windows;C:\Windows\System32\Wbem;C:\Windows\System32\WindowsPowerShell\v1.0\;C:\Windows\System32\OpenSSH\;C:\Program Files\PowerShell\7\;C:\Program Files (x86)\NVIDIA Corporation\PhysX\Common;C:\Program Files\NVIDIA Corporation\NVIDIA NvDLISR;%MAVEN_HOME%bin;C:\apache-maven-3.8.6\bin;C:\Program Files\dotnet\;C:\Program Files\Git\cmd;C:\Program Files\Git\mingw64\bin;C:\Program Files\Git\usr\bin;C:\WebDriver\bin;C:\Users\Maksim\AppData\Local\Microsoft\WindowsApps;C:\Users\Maksim\AppData\Local\Turbo\Cmd\;."/>
    <property name="java.vm.info" value="mixed mode"/>
    <property name="java.vendor" value="Amazon.com Inc."/>
    <property name="java.vm.version" value="11.0.17+8-LTS"/>
    <property name="sun.io.unicode.encoding" value="UnicodeLittle"/>
    <property name="java.class.version" value="55.0"/>
  </properties>
  <testcase name="userAuthorizationWrongPasswordTest" classname="UserCreationTest" time="0.969"/>
  <testcase name="userChangesEmailNotTokenTest" classname="UserCreationTest" time="0.92"/>
  <testcase name="userAuthorizationWrongLoginTest" classname="UserCreationTest" time="0.944"/>
  <testcase name="userChangesNameTest" classname="UserCreationTest" time="1.038"/>
  <testcase name="userChangesEmailTest" classname="UserCreationTest" time="1.024"/>
  <testcase name="userProtectionDataTest" classname="UserCreationTest" time="1.013"/>
  <testcase name="userDuplicateTest" classname="UserCreationTest" time="0.91"/>
  <testcase name="userNotPasswordTest" classname="UserCreationTest" time="0.236"/>
  <testcase name="userCreationNew" classname="UserCreationTest" time="0.63"/>
  <testcase name="userChangesNameNotTokenTest" classname="UserCreationTest" time="0.91"/>
</testsuite>